在 ./A1_R-sp_Anhuidongzhixiannixizhen_pseudogenome2.fasta 中所有N占总碱基数的比例为: 62.00%
在 ./A3_R-sp_Anhuiqimendatanxiang_pseudogenome2.fasta 中所有N占总碱基数的比例为: 81.00%
在 ./A6_R-lentiginis_Anhuishitai_pseudogenome2.fasta 中所有N占总碱基数的比例为: 90.00%
在 ./A7_R-sp_Anhuishitai_pseudogenome2.fasta 中所有N占总碱基数的比例为: 86.00%
在 ./A8_R-cf-wuyiensis_Anhuiqimenlikouzhen_pseudogenome2.fasta 中所有N占总碱基数的比例为: 82.00%
在 ./F1_R-cf-rubromaculatus_Fujianputianshi_pseudogenome2.fasta 中所有N占总碱基数的比例为: 82.00%
在 ./F2_R-xianshuiensis_Fujianputianshi_pseudogenome2.fasta 中所有N占总碱基数的比例为: 81.00%
在 ./F3_R-reticulatus_Fujianpuchengshifulingzhen_pseudogenome2.fasta 中所有N占总碱基数的比例为: 70.00%
在 ./F4_R-reticulatus_Fujianfuzhou_pseudogenome2.fasta 中所有N占总碱基数的比例为: 60.00%
在 ./F5_R-changtinensis_Fujianchangting_pseudogenome2.fasta 中所有N占总碱基数的比例为: 98.00%
在 ./F6_R-cf-wuyiensis_Fujianwuyishan_pseudogenome2.fasta 中所有N占总碱基数的比例为: 71.00%
在 ./F7a_R-sp_Fujianyunxiao_pseudogenome2.fasta 中所有N占总碱基数的比例为: 80.00%
在 ./F7b_R-sp_Fujianyunxiao_pseudogenome2.fasta 中所有N占总碱基数的比例为: 63.00%
在 ./GD1_R-duospilus_Guangdonglongmen_pseudogenome2.fasta 中所有N占总碱基数的比例为: 82.00%
在 ./GX1_R-sp_Guangxinanning_pseudogenome2.fasta 中所有N占总碱基数的比例为: 95.00%
在 ./GX2_R-sp_Guangxifangchenggangmaluzhen_pseudogenome2.fasta 中所有N占总碱基数的比例为: 80.00%
在 ./GX3_R-sp_Guangxifangchenggangmaluzhen_pseudogenome2.fasta 中所有N占总碱基数的比例为: 89.00%
在 ./H1_R-sp_Hunanlianyuanshimaotangzhen_pseudogenome2.fasta 中所有N占总碱基数的比例为: 93.00%
在 ./H2_R-sp_Hunanloudilouxingqu_pseudogenome2.fasta 中所有N占总碱基数的比例为: 80.00%
在 ./HB1_R-houheensis_Hubeixuandongxian_pseudogenome2.fasta 中所有N占总碱基数的比例为: 88.00%
在 ./HN1_R-nandujiangensis_Hainanhaikoushijiuzhouzhen_pseudogenome2.fasta 中所有N占总碱基数的比例为: 74.00%
在 ./HN2_R-wanchuangensis_Hainanqionghaishihuishanzhen_pseudogenome2.fasta 中所有N占总碱基数的比例为: 69.00%
在 ./HN3_R-leavelli_Hainanzhanzhoudachengzhen_pseudogenome2.fasta 中所有N占总碱基数的比例为: 61.00%
在 ./HN4_R-leavelli_Hainanbaotingshilingzhen_pseudogenome2.fasta 中所有N占总碱基数的比例为: 50.00%
在 ./HN5_R-linshuiensis_Hainanbaotingshilingzhen_pseudogenome2.fasta 中所有N占总碱基数的比例为: 76.00%
在 ./HN6_R-sp_Hainanhaikou_pseudogenome2.fasta 中所有N占总碱基数的比例为: 95.00%
在 ./J1_R-sp_Jiangxipingxiangshianyuanqu_pseudogenome2.fasta 中所有N占总碱基数的比例为: 95.00%
在 ./J2_R-sp_Jiangxiwuyuan_pseudogenome2.fasta 中所有N占总碱基数的比例为: 96.00%
在 ./L1_R-cf-brunneus_Liaoningkuandian_pseudogenome2.fasta 中所有N占总碱基数的比例为: 93.00%
在 ./Rform.fasta_pseudogenome2.fasta 中所有N占总碱基数的比例为: 0%
在 ./S1_R-szechuanensis_Sichuan_pseudogenome2.fasta 中所有N占总碱基数的比例为: 74.00%
在 ./Z10_R-sp_Zhejianglongquanshizhulongzhen_pseudogenome2.fasta 中所有N占总碱基数的比例为: 57.00%
在 ./Z11_R-sp_Zhejiangchangshanxian_pseudogenome2.fasta 中所有N占总碱基数的比例为: 97.00%
在 ./Z12_R-davidi_Zhejiangchangshanxian_pseudogenome2.fasta 中所有N占总碱基数的比例为: 96.00%
在 ./Z13_R-sp_Zhejiangkaihuaxiansuzhuangzhen_pseudogenome2.fasta 中所有N占总碱基数的比例为: 95.00%
在 ./Z14_R-lentiginis_Zhejiangyuyaoliangnongzhen_pseudogenome2.fasta 中所有N占总碱基数的比例为: 96.00%
在 ./Z15_R-leavelli_Zhejiangchangshanxian_pseudogenome2.fasta 中所有N占总碱基数的比例为: 94.00%
在 ./Z16_R-cf-lentiginis_Zhejiangchangshanxian_pseudogenome2.fasta 中所有N占总碱基数的比例为: 93.00%
在 ./Z17_R-cliffordpopei_Zhejiangchangshanxian_pseudogenome2.fasta 中所有N占总碱基数的比例为: 94.00%
在 ./Z18_R-cliffordpopeiR-leavelli_Zhejiangchangshanxia_pseudogenome2.fasta 中所有N占总碱基数的比例为: 89.00%
在 ./Z19_R-aporus_Zhejiangwuyixianchengqu_pseudogenome2.fasta 中所有N占总碱基数的比例为: 55.00%
在 ./Z1_R-sp_Zhejianglongquanshizhulongzhen_pseudogenome2.fasta 中所有N占总碱基数的比例为: 92.00%
在 ./Z20_R-aporus_Zhejiangwuyixianxilianxiang_pseudogenome2.fasta 中所有N占总碱基数的比例为: 93.00%
在 ./Z21_R-sp_Zhejiangchangshanxiansianzhen_pseudogenome2.fasta 中所有N占总碱基数的比例为: 94.00%
在 ./Z2_R-aporus_Zhejiangpananxianshuangxizhen_pseudogenome2.fasta 中所有N占总碱基数的比例为: 83.00%
在 ./Z3_R-wuyiensis_Zhejianglongquanshijinxizhen_pseudogenome2.fasta 中所有N占总碱基数的比例为: 87.00%
在 ./Z4_R-cf-changtingensis_Zhejianglongquanshizhulongz_pseudogenome2.fasta 中所有N占总碱基数的比例为: 77.00%
在 ./Z5_R-niger_Zhejianglongquanshizhulongzhen_pseudogenome2.fasta 中所有N占总碱基数的比例为: 94.00%
在 ./Z6_R-giurinus_Zhejianglongquanshizhulongzhen_pseudogenome2.fasta 中所有N占总碱基数的比例为: 75.00%
在 ./Z7_R-davidi_Zhejianganjixiantianhuangpingzhen_pseudogenome2.fasta 中所有N占总碱基数的比例为: 89.00%
在 ./Z8_R-immaculatus_Zhejiangtongluxianlucixiang_pseudogenome2.fasta 中所有N占总碱基数的比例为: 68.00%
在 ./Z9_R-sp_Zhejiangkaihuaxiansuzhuangzhen_pseudogenome2.fasta 中所有N占总碱基数的比例为: 73.00%
