	STAR --runThreadN 40 --runMode alignReads --readFilesCommand zcat --twopassMode Basic --outSAMtype BAM Unsorted --outSAMunmapped None --genomeDir /data2/projects/zma/Rhinogobius_spp/RNA/04_STAR/ref --readFilesIn /data2/projects/zma/Rhinogobius_spp/RNA/02_cleandata/trim_all/F1_1A_all.paired_1.fq.gz /data2/projects/zma/Rhinogobius_spp/RNA/02_cleandata/trim_all/F1_1A_all.paired_2.fq.gz --outFileNamePrefix F1_1A
	STAR version: 2.7.9a   compiled: 2021-06-09T14:40:17+00:00 :/data/software/STAR-2.7.9a/source
Oct 06 18:07:14 ..... started STAR run
Oct 06 18:07:14 ..... loading genome
Oct 06 18:07:18 ..... started 1st pass mapping
Oct 06 18:09:17 ..... finished 1st pass mapping
Oct 06 18:09:17 ..... inserting junctions into the genome indices
Oct 06 18:10:19 ..... started mapping
Oct 06 18:14:52 ..... finished mapping
Oct 06 18:14:53 ..... finished successfully
	STAR --runThreadN 40 --runMode alignReads --readFilesCommand zcat --twopassMode Basic --outSAMtype BAM Unsorted --outSAMunmapped None --genomeDir /data2/projects/zma/Rhinogobius_spp/RNA/04_STAR/ref --readFilesIn /data2/projects/zma/Rhinogobius_spp/RNA/02_cleandata/trim_all/F1_2A_all.paired_1.fq.gz /data2/projects/zma/Rhinogobius_spp/RNA/02_cleandata/trim_all/F1_2A_all.paired_2.fq.gz --outFileNamePrefix F1_2A
	STAR version: 2.7.9a   compiled: 2021-06-09T14:40:17+00:00 :/data/software/STAR-2.7.9a/source
Oct 06 18:14:54 ..... started STAR run
Oct 06 18:14:54 ..... loading genome
Oct 06 18:14:58 ..... started 1st pass mapping
Oct 06 18:15:49 ..... finished 1st pass mapping
Oct 06 18:15:49 ..... inserting junctions into the genome indices
Oct 06 18:16:43 ..... started mapping
Oct 06 18:18:46 ..... finished mapping
Oct 06 18:18:47 ..... finished successfully
	STAR --runThreadN 40 --runMode alignReads --readFilesCommand zcat --twopassMode Basic --outSAMtype BAM Unsorted --outSAMunmapped None --genomeDir /data2/projects/zma/Rhinogobius_spp/RNA/04_STAR/ref --readFilesIn /data2/projects/zma/Rhinogobius_spp/RNA/02_cleandata/trim_all/F1_3A_all.paired_1.fq.gz /data2/projects/zma/Rhinogobius_spp/RNA/02_cleandata/trim_all/F1_3A_all.paired_2.fq.gz --outFileNamePrefix F1_3A
	STAR version: 2.7.9a   compiled: 2021-06-09T14:40:17+00:00 :/data/software/STAR-2.7.9a/source
Oct 06 18:18:48 ..... started STAR run
Oct 06 18:18:48 ..... loading genome
Oct 06 18:18:52 ..... started 1st pass mapping
Oct 06 18:20:18 ..... finished 1st pass mapping
Oct 06 18:20:19 ..... inserting junctions into the genome indices
Oct 06 18:21:20 ..... started mapping
Oct 06 18:24:33 ..... finished mapping
Oct 06 18:24:34 ..... finished successfully
	STAR --runThreadN 40 --runMode alignReads --readFilesCommand zcat --twopassMode Basic --outSAMtype BAM Unsorted --outSAMunmapped None --genomeDir /data2/projects/zma/Rhinogobius_spp/RNA/04_STAR/ref --readFilesIn /data2/projects/zma/Rhinogobius_spp/RNA/02_cleandata/trim_all/F2_1A_all.paired_1.fq.gz /data2/projects/zma/Rhinogobius_spp/RNA/02_cleandata/trim_all/F2_1A_all.paired_2.fq.gz --outFileNamePrefix F2_1A
	STAR version: 2.7.9a   compiled: 2021-06-09T14:40:17+00:00 :/data/software/STAR-2.7.9a/source
Oct 06 18:24:35 ..... started STAR run
Oct 06 18:24:35 ..... loading genome
Oct 06 18:24:39 ..... started 1st pass mapping
Oct 06 18:26:12 ..... finished 1st pass mapping
Oct 06 18:26:12 ..... inserting junctions into the genome indices
Oct 06 18:27:12 ..... started mapping
Oct 06 18:30:28 ..... finished mapping
Oct 06 18:30:29 ..... finished successfully
	STAR --runThreadN 40 --runMode alignReads --readFilesCommand zcat --twopassMode Basic --outSAMtype BAM Unsorted --outSAMunmapped None --genomeDir /data2/projects/zma/Rhinogobius_spp/RNA/04_STAR/ref --readFilesIn /data2/projects/zma/Rhinogobius_spp/RNA/02_cleandata/trim_all/F2_2A_all.paired_1.fq.gz /data2/projects/zma/Rhinogobius_spp/RNA/02_cleandata/trim_all/F2_2A_all.paired_2.fq.gz --outFileNamePrefix F2_2A
	STAR version: 2.7.9a   compiled: 2021-06-09T14:40:17+00:00 :/data/software/STAR-2.7.9a/source
Oct 06 18:30:29 ..... started STAR run
Oct 06 18:30:29 ..... loading genome
Oct 06 18:30:33 ..... started 1st pass mapping
Oct 06 18:31:11 ..... finished 1st pass mapping
Oct 06 18:31:11 ..... inserting junctions into the genome indices
Oct 06 18:31:59 ..... started mapping
Oct 06 18:33:39 ..... finished mapping
Oct 06 18:33:40 ..... finished successfully
	STAR --runThreadN 40 --runMode alignReads --readFilesCommand zcat --twopassMode Basic --outSAMtype BAM Unsorted --outSAMunmapped None --genomeDir /data2/projects/zma/Rhinogobius_spp/RNA/04_STAR/ref --readFilesIn /data2/projects/zma/Rhinogobius_spp/RNA/02_cleandata/trim_all/F2_3A_all.paired_1.fq.gz /data2/projects/zma/Rhinogobius_spp/RNA/02_cleandata/trim_all/F2_3A_all.paired_2.fq.gz --outFileNamePrefix F2_3A
	STAR version: 2.7.9a   compiled: 2021-06-09T14:40:17+00:00 :/data/software/STAR-2.7.9a/source
Oct 06 18:33:40 ..... started STAR run
Oct 06 18:33:40 ..... loading genome
Oct 06 18:33:44 ..... started 1st pass mapping
Oct 06 18:34:53 ..... finished 1st pass mapping
Oct 06 18:34:53 ..... inserting junctions into the genome indices
Oct 06 18:35:50 ..... started mapping
Oct 06 18:38:28 ..... finished mapping
Oct 06 18:38:29 ..... finished successfully
	STAR --runThreadN 40 --runMode alignReads --readFilesCommand zcat --twopassMode Basic --outSAMtype BAM Unsorted --outSAMunmapped None --genomeDir /data2/projects/zma/Rhinogobius_spp/RNA/04_STAR/ref --readFilesIn /data2/projects/zma/Rhinogobius_spp/RNA/02_cleandata/trim_all/F3_1A_all.paired_1.fq.gz /data2/projects/zma/Rhinogobius_spp/RNA/02_cleandata/trim_all/F3_1A_all.paired_2.fq.gz --outFileNamePrefix F3_1A
	STAR version: 2.7.9a   compiled: 2021-06-09T14:40:17+00:00 :/data/software/STAR-2.7.9a/source
Oct 06 18:38:30 ..... started STAR run
Oct 06 18:38:30 ..... loading genome
Oct 06 18:38:34 ..... started 1st pass mapping
Oct 06 18:39:34 ..... finished 1st pass mapping
Oct 06 18:39:34 ..... inserting junctions into the genome indices
Oct 06 18:40:30 ..... started mapping
Oct 06 18:42:44 ..... finished mapping
Oct 06 18:42:45 ..... finished successfully
	STAR --runThreadN 40 --runMode alignReads --readFilesCommand zcat --twopassMode Basic --outSAMtype BAM Unsorted --outSAMunmapped None --genomeDir /data2/projects/zma/Rhinogobius_spp/RNA/04_STAR/ref --readFilesIn /data2/projects/zma/Rhinogobius_spp/RNA/02_cleandata/trim_all/F3_2A_all.paired_1.fq.gz /data2/projects/zma/Rhinogobius_spp/RNA/02_cleandata/trim_all/F3_2A_all.paired_2.fq.gz --outFileNamePrefix F3_2A
	STAR version: 2.7.9a   compiled: 2021-06-09T14:40:17+00:00 :/data/software/STAR-2.7.9a/source
Oct 06 18:42:45 ..... started STAR run
Oct 06 18:42:45 ..... loading genome
Oct 06 18:42:49 ..... started 1st pass mapping
Oct 06 18:44:54 ..... finished 1st pass mapping
Oct 06 18:44:55 ..... inserting junctions into the genome indices
Oct 06 18:45:58 ..... started mapping
Oct 06 18:50:47 ..... finished mapping
Oct 06 18:50:48 ..... finished successfully
	STAR --runThreadN 40 --runMode alignReads --readFilesCommand zcat --twopassMode Basic --outSAMtype BAM Unsorted --outSAMunmapped None --genomeDir /data2/projects/zma/Rhinogobius_spp/RNA/04_STAR/ref --readFilesIn /data2/projects/zma/Rhinogobius_spp/RNA/02_cleandata/trim_all/F3_3A_all.paired_1.fq.gz /data2/projects/zma/Rhinogobius_spp/RNA/02_cleandata/trim_all/F3_3A_all.paired_2.fq.gz --outFileNamePrefix F3_3A
	STAR version: 2.7.9a   compiled: 2021-06-09T14:40:17+00:00 :/data/software/STAR-2.7.9a/source
Oct 06 18:50:48 ..... started STAR run
Oct 06 18:50:48 ..... loading genome
Oct 06 18:50:52 ..... started 1st pass mapping
Oct 06 18:51:09 ..... finished 1st pass mapping
Oct 06 18:51:09 ..... inserting junctions into the genome indices
Oct 06 18:51:31 ..... started mapping
Oct 06 18:51:49 ..... finished mapping
Oct 06 18:51:50 ..... finished successfully
	STAR --runThreadN 40 --runMode alignReads --readFilesCommand zcat --twopassMode Basic --outSAMtype BAM Unsorted --outSAMunmapped None --genomeDir /data2/projects/zma/Rhinogobius_spp/RNA/04_STAR/ref --readFilesIn /data2/projects/zma/Rhinogobius_spp/RNA/02_cleandata/trim_all/S1_1A_all.paired_1.fq.gz /data2/projects/zma/Rhinogobius_spp/RNA/02_cleandata/trim_all/S1_1A_all.paired_2.fq.gz --outFileNamePrefix S1_1A
	STAR version: 2.7.9a   compiled: 2021-06-09T14:40:17+00:00 :/data/software/STAR-2.7.9a/source
Oct 06 18:51:51 ..... started STAR run
Oct 06 18:51:51 ..... loading genome
Oct 06 18:51:55 ..... started 1st pass mapping
Oct 06 18:52:46 ..... finished 1st pass mapping
Oct 06 18:52:47 ..... inserting junctions into the genome indices
Oct 06 18:53:38 ..... started mapping
Oct 06 18:55:41 ..... finished mapping
Oct 06 18:55:42 ..... finished successfully
	STAR --runThreadN 40 --runMode alignReads --readFilesCommand zcat --twopassMode Basic --outSAMtype BAM Unsorted --outSAMunmapped None --genomeDir /data2/projects/zma/Rhinogobius_spp/RNA/04_STAR/ref --readFilesIn /data2/projects/zma/Rhinogobius_spp/RNA/02_cleandata/trim_all/S1_2A_all.paired_1.fq.gz /data2/projects/zma/Rhinogobius_spp/RNA/02_cleandata/trim_all/S1_2A_all.paired_2.fq.gz --outFileNamePrefix S1_2A
	STAR version: 2.7.9a   compiled: 2021-06-09T14:40:17+00:00 :/data/software/STAR-2.7.9a/source
Oct 06 18:55:42 ..... started STAR run
Oct 06 18:55:42 ..... loading genome
Oct 06 18:55:47 ..... started 1st pass mapping
Oct 06 18:56:49 ..... finished 1st pass mapping
Oct 06 18:56:49 ..... inserting junctions into the genome indices
Oct 06 18:57:38 ..... started mapping
Oct 06 18:59:59 ..... finished mapping
Oct 06 19:00:00 ..... finished successfully
	STAR --runThreadN 40 --runMode alignReads --readFilesCommand zcat --twopassMode Basic --outSAMtype BAM Unsorted --outSAMunmapped None --genomeDir /data2/projects/zma/Rhinogobius_spp/RNA/04_STAR/ref --readFilesIn /data2/projects/zma/Rhinogobius_spp/RNA/02_cleandata/trim_all/S2_1A_all.paired_1.fq.gz /data2/projects/zma/Rhinogobius_spp/RNA/02_cleandata/trim_all/S2_1A_all.paired_2.fq.gz --outFileNamePrefix S2_1A
	STAR version: 2.7.9a   compiled: 2021-06-09T14:40:17+00:00 :/data/software/STAR-2.7.9a/source
Oct 06 19:00:01 ..... started STAR run
Oct 06 19:00:01 ..... loading genome
Oct 06 19:00:05 ..... started 1st pass mapping
Oct 06 19:00:34 ..... finished 1st pass mapping
Oct 06 19:00:34 ..... inserting junctions into the genome indices
Oct 06 19:01:19 ..... started mapping
Oct 06 19:02:29 ..... finished mapping
Oct 06 19:02:30 ..... finished successfully
	STAR --runThreadN 40 --runMode alignReads --readFilesCommand zcat --twopassMode Basic --outSAMtype BAM Unsorted --outSAMunmapped None --genomeDir /data2/projects/zma/Rhinogobius_spp/RNA/04_STAR/ref --readFilesIn /data2/projects/zma/Rhinogobius_spp/RNA/02_cleandata/trim_all/S2_2A_all.paired_1.fq.gz /data2/projects/zma/Rhinogobius_spp/RNA/02_cleandata/trim_all/S2_2A_all.paired_2.fq.gz --outFileNamePrefix S2_2A
	STAR version: 2.7.9a   compiled: 2021-06-09T14:40:17+00:00 :/data/software/STAR-2.7.9a/source
Oct 06 19:02:31 ..... started STAR run
Oct 06 19:02:31 ..... loading genome
Oct 06 19:02:35 ..... started 1st pass mapping
Oct 06 19:04:25 ..... finished 1st pass mapping
Oct 06 19:04:25 ..... inserting junctions into the genome indices
Oct 06 19:05:27 ..... started mapping
Oct 06 19:09:38 ..... finished mapping
Oct 06 19:09:39 ..... finished successfully
	STAR --runThreadN 40 --runMode alignReads --readFilesCommand zcat --twopassMode Basic --outSAMtype BAM Unsorted --outSAMunmapped None --genomeDir /data2/projects/zma/Rhinogobius_spp/RNA/04_STAR/ref --readFilesIn /data2/projects/zma/Rhinogobius_spp/RNA/02_cleandata/trim_all/S2_3A_all.paired_1.fq.gz /data2/projects/zma/Rhinogobius_spp/RNA/02_cleandata/trim_all/S2_3A_all.paired_2.fq.gz --outFileNamePrefix S2_3A
	STAR version: 2.7.9a   compiled: 2021-06-09T14:40:17+00:00 :/data/software/STAR-2.7.9a/source
Oct 06 19:09:39 ..... started STAR run
Oct 06 19:09:39 ..... loading genome
Oct 06 19:09:43 ..... started 1st pass mapping
Oct 06 19:11:17 ..... finished 1st pass mapping
Oct 06 19:11:17 ..... inserting junctions into the genome indices
Oct 06 19:12:13 ..... started mapping
Oct 06 19:16:00 ..... finished mapping
Oct 06 19:16:01 ..... finished successfully
	STAR --runThreadN 40 --runMode alignReads --readFilesCommand zcat --twopassMode Basic --outSAMtype BAM Unsorted --outSAMunmapped None --genomeDir /data2/projects/zma/Rhinogobius_spp/RNA/04_STAR/ref --readFilesIn /data2/projects/zma/Rhinogobius_spp/RNA/02_cleandata/trim_all/S3_1A_all.paired_1.fq.gz /data2/projects/zma/Rhinogobius_spp/RNA/02_cleandata/trim_all/S3_1A_all.paired_2.fq.gz --outFileNamePrefix S3_1A
	STAR version: 2.7.9a   compiled: 2021-06-09T14:40:17+00:00 :/data/software/STAR-2.7.9a/source
Oct 06 19:16:01 ..... started STAR run
Oct 06 19:16:01 ..... loading genome
Oct 06 19:16:06 ..... started 1st pass mapping
Oct 06 19:16:57 ..... finished 1st pass mapping
Oct 06 19:16:57 ..... inserting junctions into the genome indices
Oct 06 19:17:47 ..... started mapping
Oct 06 19:19:49 ..... finished mapping
Oct 06 19:19:50 ..... finished successfully
	STAR --runThreadN 40 --runMode alignReads --readFilesCommand zcat --twopassMode Basic --outSAMtype BAM Unsorted --outSAMunmapped None --genomeDir /data2/projects/zma/Rhinogobius_spp/RNA/04_STAR/ref --readFilesIn /data2/projects/zma/Rhinogobius_spp/RNA/02_cleandata/trim_all/S3_2A_all.paired_1.fq.gz /data2/projects/zma/Rhinogobius_spp/RNA/02_cleandata/trim_all/S3_2A_all.paired_2.fq.gz --outFileNamePrefix S3_2A
	STAR version: 2.7.9a   compiled: 2021-06-09T14:40:17+00:00 :/data/software/STAR-2.7.9a/source
Oct 06 19:19:50 ..... started STAR run
Oct 06 19:19:50 ..... loading genome
Oct 06 19:19:54 ..... started 1st pass mapping
Oct 06 19:21:01 ..... finished 1st pass mapping
Oct 06 19:21:01 ..... inserting junctions into the genome indices
Oct 06 19:21:57 ..... started mapping
Oct 06 19:24:41 ..... finished mapping
Oct 06 19:24:42 ..... finished successfully
	STAR --runThreadN 40 --runMode alignReads --readFilesCommand zcat --twopassMode Basic --outSAMtype BAM Unsorted --outSAMunmapped None --genomeDir /data2/projects/zma/Rhinogobius_spp/RNA/04_STAR/ref --readFilesIn /data2/projects/zma/Rhinogobius_spp/RNA/02_cleandata/trim_all/S3_3A_all.paired_1.fq.gz /data2/projects/zma/Rhinogobius_spp/RNA/02_cleandata/trim_all/S3_3A_all.paired_2.fq.gz --outFileNamePrefix S3_3A
	STAR version: 2.7.9a   compiled: 2021-06-09T14:40:17+00:00 :/data/software/STAR-2.7.9a/source
Oct 06 19:24:43 ..... started STAR run
Oct 06 19:24:43 ..... loading genome
Oct 06 19:24:47 ..... started 1st pass mapping
Oct 06 19:25:40 ..... finished 1st pass mapping
Oct 06 19:25:40 ..... inserting junctions into the genome indices
Oct 06 19:26:34 ..... started mapping
Oct 06 19:28:51 ..... finished mapping
Oct 06 19:28:52 ..... finished successfully
